<?xml version="1.0" encoding="UTF-8"?>
<testng-results total="1" passed="1" failed="0" skipped="0">
  <reporter-output>
  </reporter-output>
  <suite started-at="2020-03-30T13:01:06Z" name="Default suite" finished-at="2020-03-30T13:01:19Z" duration-ms="12865">
    <groups>
    </groups>
    <test started-at="2020-03-30T13:01:06Z" name="Default test" finished-at="2020-03-30T13:01:19Z" duration-ms="12865">
      <class name="RestAPI.VerifyDownloadFile">
        <test-method signature="verifyFileDownload()[pri:0, instance:RestAPI.VerifyDownloadFile@20d525]" started-at="2020-03-30T09:01:06Z" name="verifyFileDownload" finished-at="2020-03-30T09:01:19Z" duration-ms="12845" status="PASS">
          <reporter-output>
          </reporter-output>
        </test-method> <!-- verifyFileDownload -->
      </class> <!-- RestAPI.VerifyDownloadFile -->
    </test> <!-- Default test -->
  </suite> <!-- Default suite -->
</testng-results>
